-------------------------------------------------------------------------------
Test set: com.qa.tests.GetAPITest
-------------------------------------------------------------------------------
Tests run: 2, Failures: 1, Errors: 0, Skipped: 1, Time elapsed: 2.494 sec <<< FAILURE!
setUp(com.qa.tests.GetAPITest)  Time elapsed: 2.083 sec  <<< FAILURE!
java.lang.NullPointerException: Cannot invoke "java.util.Properties.getProperty(String)" because "this.prop" is null
	at com.qa.tests.GetAPITest.setUp(GetAPITest.java:23)

