<?xml version="1.0" encoding="UTF-8"?>
<!-- Generated by org.testng.reporters.JUnitXMLReporter -->
<testsuite ignored="0" hostname="LAPTOP-1TNV727F" failures="0" tests="1" name="Command line test" time="0.077" errors="0" timestamp="2022-01-18T20:07:24 IST">
  <testcase classname="com.qa.tests.GetAPITest" name="@BeforeMethod setUp" time="0.005">
    <failure type="java.lang.NullPointerException" message="Cannot invoke &amp;quot;java.util.Properties.getProperty(String)&amp;quot; because &amp;quot;this.prop&amp;quot; is null">
      <![CDATA[java.lang.NullPointerException: Cannot invoke "java.util.Properties.getProperty(String)" because "this.prop" is null
at com.qa.tests.GetAPITest.setUp(GetAPITest.java:23)
at java.base/java.util.ArrayList.forEach(ArrayList.java:1511)
... Removed 40 stack frames]]>
    </failure>
  </testcase> <!-- @BeforeMethod setUp -->
  <testcase classname="com.qa.tests.GetAPITest" name="getAPITest" time="0.0">
    <skipped/>
  </testcase> <!-- getAPITest -->
</testsuite> <!-- Command line test -->
